000 (11940.000.000) 05/04 06:31:31 Job submitted from host: <165.132.104.116:9618?addrs=165.132.104.116-9618&noUDP&sock=14374_c60d_3>
...
001 (11940.000.000) 05/04 06:31:58 Job executing on host: <165.132.104.117:9618?addrs=165.132.104.117-9618&noUDP&sock=3421_69fc_3>
...
006 (11940.000.000) 05/04 06:32:01 Image size of job updated: 200
	0  -  MemoryUsage of job (MB)
	0  -  ResidentSetSize of job (KB)
...
005 (11940.000.000) 05/04 06:32:01 Job terminated.
	(1) Normal termination (return value 0)
		Usr 0 00:00:02, Sys 0 00:00:01  -  Run Remote Usage
		Usr 0 00:00:00, Sys 0 00:00:00  -  Run Local Usage
		Usr 0 00:00:02, Sys 0 00:00:01  -  Total Remote Usage
		Usr 0 00:00:00, Sys 0 00:00:00  -  Total Local Usage
	369  -  Run Bytes Sent By Job
	179520  -  Run Bytes Received By Job
	369  -  Total Bytes Sent By Job
	179520  -  Total Bytes Received By Job
	Partitionable Resources :    Usage  Request Allocated 
	   Cpus                 :        0       16        16 
	   Disk (KB)            :      190      200 306006016 
	   Memory (MB)          :        0        1      1024 
...
000 (11941.000.000) 05/04 06:35:59 Job submitted from host: <165.132.104.116:9618?addrs=165.132.104.116-9618&noUDP&sock=14374_c60d_3>
...
001 (11941.000.000) 05/04 06:36:58 Job executing on host: <165.132.104.117:9618?addrs=165.132.104.117-9618&noUDP&sock=3421_69fc_3>
...
006 (11941.000.000) 05/04 06:37:02 Image size of job updated: 181116
	1  -  MemoryUsage of job (MB)
	20  -  ResidentSetSize of job (KB)
...
005 (11941.000.000) 05/04 06:37:02 Job terminated.
	(1) Normal termination (return value 0)
		Usr 0 00:00:02, Sys 0 00:00:01  -  Run Remote Usage
		Usr 0 00:00:00, Sys 0 00:00:00  -  Run Local Usage
		Usr 0 00:00:02, Sys 0 00:00:01  -  Total Remote Usage
		Usr 0 00:00:00, Sys 0 00:00:00  -  Total Local Usage
	369  -  Run Bytes Sent By Job
	183616  -  Run Bytes Received By Job
	369  -  Total Bytes Sent By Job
	183616  -  Total Bytes Received By Job
	Partitionable Resources :    Usage  Request Allocated 
	   Cpus                 :        0       16        16 
	   Disk (KB)            :      194      200 306006016 
	   Memory (MB)          :        1        1      1024 
...
000 (12007.000.000) 05/04 16:03:48 Job submitted from host: <165.132.104.116:9618?addrs=165.132.104.116-9618&noUDP&sock=14374_c60d_3>
...
001 (12007.000.000) 05/04 16:04:07 Job executing on host: <165.132.104.117:9618?addrs=165.132.104.117-9618&noUDP&sock=3421_69fc_3>
...
006 (12007.000.000) 05/04 16:04:09 Image size of job updated: 200
	1  -  MemoryUsage of job (MB)
	20  -  ResidentSetSize of job (KB)
...
005 (12007.000.000) 05/04 16:04:09 Job terminated.
	(1) Normal termination (return value 0)
		Usr 0 00:00:00, Sys 0 00:00:01  -  Run Remote Usage
		Usr 0 00:00:00, Sys 0 00:00:00  -  Run Local Usage
		Usr 0 00:00:00, Sys 0 00:00:01  -  Total Remote Usage
		Usr 0 00:00:00, Sys 0 00:00:00  -  Total Local Usage
	365  -  Run Bytes Sent By Job
	192320  -  Run Bytes Received By Job
	365  -  Total Bytes Sent By Job
	192320  -  Total Bytes Received By Job
	Partitionable Resources :    Usage  Request Allocated 
	   Cpus                 :        0       16        16 
	   Disk (KB)            :      203      200 306006016 
	   Memory (MB)          :        1        1      1024 
...
000 (12008.000.000) 05/04 16:04:17 Job submitted from host: <165.132.104.116:9618?addrs=165.132.104.116-9618&noUDP&sock=14374_c60d_3>
...
001 (12008.000.000) 05/04 16:05:07 Job executing on host: <165.132.104.117:9618?addrs=165.132.104.117-9618&noUDP&sock=3421_69fc_3>
...
006 (12008.000.000) 05/04 16:05:09 Image size of job updated: 200
	1  -  MemoryUsage of job (MB)
	36  -  ResidentSetSize of job (KB)
...
005 (12008.000.000) 05/04 16:05:09 Job terminated.
	(1) Normal termination (return value 0)
		Usr 0 00:00:00, Sys 0 00:00:01  -  Run Remote Usage
		Usr 0 00:00:00, Sys 0 00:00:00  -  Run Local Usage
		Usr 0 00:00:00, Sys 0 00:00:01  -  Total Remote Usage
		Usr 0 00:00:00, Sys 0 00:00:00  -  Total Local Usage
	368  -  Run Bytes Sent By Job
	192320  -  Run Bytes Received By Job
	368  -  Total Bytes Sent By Job
	192320  -  Total Bytes Received By Job
	Partitionable Resources :    Usage  Request Allocated 
	   Cpus                 :        0       16        16 
	   Disk (KB)            :      203      200 306006016 
	   Memory (MB)          :        1        1      1024 
...
000 (12009.000.000) 05/04 16:05:19 Job submitted from host: <165.132.104.116:9618?addrs=165.132.104.116-9618&noUDP&sock=14374_c60d_3>
...
001 (12009.000.000) 05/04 16:06:07 Job executing on host: <165.132.104.117:9618?addrs=165.132.104.117-9618&noUDP&sock=3421_69fc_3>
...
006 (12009.000.000) 05/04 16:06:09 Image size of job updated: 200
	1  -  MemoryUsage of job (MB)
	24  -  ResidentSetSize of job (KB)
...
005 (12009.000.000) 05/04 16:06:09 Job terminated.
	(1) Normal termination (return value 0)
		Usr 0 00:00:00, Sys 0 00:00:01  -  Run Remote Usage
		Usr 0 00:00:00, Sys 0 00:00:00  -  Run Local Usage
		Usr 0 00:00:00, Sys 0 00:00:01  -  Total Remote Usage
		Usr 0 00:00:00, Sys 0 00:00:00  -  Total Local Usage
	371  -  Run Bytes Sent By Job
	192320  -  Run Bytes Received By Job
	371  -  Total Bytes Sent By Job
	192320  -  Total Bytes Received By Job
	Partitionable Resources :    Usage  Request Allocated 
	   Cpus                 :        0       16        16 
	   Disk (KB)            :      203      200 306006016 
	   Memory (MB)          :        1        1      1024 
...
000 (12010.000.000) 05/04 16:06:26 Job submitted from host: <165.132.104.116:9618?addrs=165.132.104.116-9618&noUDP&sock=14374_c60d_3>
...
001 (12010.000.000) 05/04 16:09:07 Job executing on host: <165.132.104.117:9618?addrs=165.132.104.117-9618&noUDP&sock=3421_69fc_3>
...
006 (12010.000.000) 05/04 16:09:09 Image size of job updated: 200
	1  -  MemoryUsage of job (MB)
	64  -  ResidentSetSize of job (KB)
...
005 (12010.000.000) 05/04 16:09:10 Job terminated.
	(1) Normal termination (return value 0)
		Usr 0 00:00:00, Sys 0 00:00:01  -  Run Remote Usage
		Usr 0 00:00:00, Sys 0 00:00:00  -  Run Local Usage
		Usr 0 00:00:00, Sys 0 00:00:01  -  Total Remote Usage
		Usr 0 00:00:00, Sys 0 00:00:00  -  Total Local Usage
	370  -  Run Bytes Sent By Job
	192320  -  Run Bytes Received By Job
	370  -  Total Bytes Sent By Job
	192320  -  Total Bytes Received By Job
	Partitionable Resources :    Usage  Request Allocated 
	   Cpus                 :        0       16        16 
	   Disk (KB)            :      203      200 306006016 
	   Memory (MB)          :        1        1      1024 
...
000 (12013.000.000) 05/04 16:09:30 Job submitted from host: <165.132.104.116:9618?addrs=165.132.104.116-9618&noUDP&sock=14374_c60d_3>
...
001 (12013.000.000) 05/04 16:11:08 Job executing on host: <165.132.104.117:9618?addrs=165.132.104.117-9618&noUDP&sock=3421_69fc_3>
...
006 (12013.000.000) 05/04 16:11:11 Image size of job updated: 196424
	1  -  MemoryUsage of job (MB)
	20  -  ResidentSetSize of job (KB)
...
005 (12013.000.000) 05/04 16:11:11 Job terminated.
	(1) Normal termination (return value 0)
		Usr 0 00:00:02, Sys 0 00:00:01  -  Run Remote Usage
		Usr 0 00:00:00, Sys 0 00:00:00  -  Run Local Usage
		Usr 0 00:00:02, Sys 0 00:00:01  -  Total Remote Usage
		Usr 0 00:00:00, Sys 0 00:00:00  -  Total Local Usage
	369  -  Run Bytes Sent By Job
	192320  -  Run Bytes Received By Job
	369  -  Total Bytes Sent By Job
	192320  -  Total Bytes Received By Job
	Partitionable Resources :    Usage  Request Allocated 
	   Cpus                 :        0       16        16 
	   Disk (KB)            :      203      200 306006016 
	   Memory (MB)          :        1        1      1024 
...
000 (12083.000.000) 05/04 19:38:30 Job submitted from host: <165.132.104.116:9618?addrs=165.132.104.116-9618&noUDP&sock=14374_c60d_3>
...
001 (12083.000.000) 05/04 19:45:14 Job executing on host: <165.132.104.117:9618?addrs=165.132.104.117-9618&noUDP&sock=3421_69fc_3>
...
006 (12083.000.000) 05/04 19:45:21 Image size of job updated: 200
	1  -  MemoryUsage of job (MB)
	24  -  ResidentSetSize of job (KB)
...
005 (12083.000.000) 05/04 19:45:27 Job terminated.
	(1) Normal termination (return value 0)
		Usr 0 00:00:02, Sys 0 00:00:01  -  Run Remote Usage
		Usr 0 00:00:00, Sys 0 00:00:00  -  Run Local Usage
		Usr 0 00:00:02, Sys 0 00:00:01  -  Total Remote Usage
		Usr 0 00:00:00, Sys 0 00:00:00  -  Total Local Usage
	369  -  Run Bytes Sent By Job
	192312  -  Run Bytes Received By Job
	369  -  Total Bytes Sent By Job
	192312  -  Total Bytes Received By Job
	Partitionable Resources :    Usage  Request Allocated 
	   Cpus                 :        0       16        16 
	   Disk (KB)            :      203      200 306006016 
	   Memory (MB)          :        1        1      1024 
...
