000 (9372.000.000) 04/17 22:25:36 Job submitted from host: <165.132.104.116:9618?addrs=165.132.104.116-9618&noUDP&sock=14374_c60d_3>
...
001 (9372.000.000) 04/17 22:27:17 Job executing on host: <165.132.104.117:9618?addrs=165.132.104.117-9618&noUDP&sock=68892_1309_3>
...
006 (9372.000.000) 04/17 22:27:19 Image size of job updated: 175
	0  -  MemoryUsage of job (MB)
	0  -  ResidentSetSize of job (KB)
...
005 (9372.000.000) 04/17 22:27:19 Job terminated.
	(1) Normal termination (return value 0)
		Usr 0 00:00:05, Sys 0 00:00:00  -  Run Remote Usage
		Usr 0 00:00:00, Sys 0 00:00:00  -  Run Local Usage
		Usr 0 00:00:05, Sys 0 00:00:00  -  Total Remote Usage
		Usr 0 00:00:00, Sys 0 00:00:00  -  Total Local Usage
	314  -  Run Bytes Sent By Job
	167856  -  Run Bytes Received By Job
	314  -  Total Bytes Sent By Job
	167856  -  Total Bytes Received By Job
	Partitionable Resources :    Usage  Request Allocated 
	   Cpus                 :        0       16        16 
	   Disk (KB)            :      179      175 265775104 
	   Memory (MB)          :        0        1      1024 
...
000 (9489.000.000) 04/18 03:05:11 Job submitted from host: <165.132.104.116:9618?addrs=165.132.104.116-9618&noUDP&sock=14374_c60d_3>
...
001 (9489.000.000) 04/18 03:05:22 Job executing on host: <165.132.104.117:9618?addrs=165.132.104.117-9618&noUDP&sock=68892_1309_3>
...
006 (9489.000.000) 04/18 03:05:27 Image size of job updated: 3908124
	0  -  MemoryUsage of job (MB)
	0  -  ResidentSetSize of job (KB)
...
005 (9489.000.000) 04/18 03:05:27 Job terminated.
	(1) Normal termination (return value 0)
		Usr 0 00:00:17, Sys 0 00:00:00  -  Run Remote Usage
		Usr 0 00:00:00, Sys 0 00:00:00  -  Run Local Usage
		Usr 0 00:00:17, Sys 0 00:00:00  -  Total Remote Usage
		Usr 0 00:00:00, Sys 0 00:00:00  -  Total Local Usage
	318  -  Run Bytes Sent By Job
	168648  -  Run Bytes Received By Job
	318  -  Total Bytes Sent By Job
	168648  -  Total Bytes Received By Job
	Partitionable Resources :    Usage  Request Allocated 
	   Cpus                 :        0       16        16 
	   Disk (KB)            :      180      175 265775104 
	   Memory (MB)          :        0        1      1024 
...
000 (9490.000.000) 04/18 03:07:03 Job submitted from host: <165.132.104.116:9618?addrs=165.132.104.116-9618&noUDP&sock=14374_c60d_3>
...
001 (9490.000.000) 04/18 03:07:21 Job executing on host: <165.132.104.117:9618?addrs=165.132.104.117-9618&noUDP&sock=68892_1309_3>
...
006 (9490.000.000) 04/18 03:07:26 Image size of job updated: 3908124
	0  -  MemoryUsage of job (MB)
	0  -  ResidentSetSize of job (KB)
...
005 (9490.000.000) 04/18 03:07:26 Job terminated.
	(1) Normal termination (return value 0)
		Usr 0 00:00:13, Sys 0 00:00:00  -  Run Remote Usage
		Usr 0 00:00:00, Sys 0 00:00:00  -  Run Local Usage
		Usr 0 00:00:13, Sys 0 00:00:00  -  Total Remote Usage
		Usr 0 00:00:00, Sys 0 00:00:00  -  Total Local Usage
	316  -  Run Bytes Sent By Job
	168936  -  Run Bytes Received By Job
	316  -  Total Bytes Sent By Job
	168936  -  Total Bytes Received By Job
	Partitionable Resources :    Usage  Request Allocated 
	   Cpus                 :        0       16        16 
	   Disk (KB)            :      180      175 265775104 
	   Memory (MB)          :        0        1      1024 
...
000 (9493.000.000) 04/18 03:16:50 Job submitted from host: <165.132.104.116:9618?addrs=165.132.104.116-9618&noUDP&sock=14374_c60d_3>
...
001 (9493.000.000) 04/18 03:17:22 Job executing on host: <165.132.104.117:9618?addrs=165.132.104.117-9618&noUDP&sock=68892_1309_3>
...
006 (9493.000.000) 04/18 03:17:25 Image size of job updated: 175
	0  -  MemoryUsage of job (MB)
	0  -  ResidentSetSize of job (KB)
...
005 (9493.000.000) 04/18 03:17:25 Job terminated.
	(0) Abnormal termination (signal 11)
	(0) No core file
		Usr 0 00:00:05, Sys 0 00:00:00  -  Run Remote Usage
		Usr 0 00:00:00, Sys 0 00:00:00  -  Run Local Usage
		Usr 0 00:00:05, Sys 0 00:00:00  -  Total Remote Usage
		Usr 0 00:00:00, Sys 0 00:00:00  -  Total Local Usage
	936  -  Run Bytes Sent By Job
	169520  -  Run Bytes Received By Job
	936  -  Total Bytes Sent By Job
	169520  -  Total Bytes Received By Job
	Partitionable Resources :    Usage  Request Allocated 
	   Cpus                 :        0       16        16 
	   Disk (KB)            :      181      175 265775104 
	   Memory (MB)          :        0        1      1024 
...
000 (9502.000.000) 04/18 03:39:53 Job submitted from host: <165.132.104.116:9618?addrs=165.132.104.116-9618&noUDP&sock=14374_c60d_3>
...
001 (9502.000.000) 04/18 03:41:23 Job executing on host: <165.132.104.117:9618?addrs=165.132.104.117-9618&noUDP&sock=68892_1309_3>
...
006 (9502.000.000) 04/18 03:41:27 Image size of job updated: 175
	0  -  MemoryUsage of job (MB)
	0  -  ResidentSetSize of job (KB)
...
005 (9502.000.000) 04/18 03:41:27 Job terminated.
	(1) Normal termination (return value 0)
		Usr 0 00:00:26, Sys 0 00:00:00  -  Run Remote Usage
		Usr 0 00:00:00, Sys 0 00:00:00  -  Run Local Usage
		Usr 0 00:00:26, Sys 0 00:00:00  -  Total Remote Usage
		Usr 0 00:00:00, Sys 0 00:00:00  -  Total Local Usage
	318  -  Run Bytes Sent By Job
	170544  -  Run Bytes Received By Job
	318  -  Total Bytes Sent By Job
	170544  -  Total Bytes Received By Job
	Partitionable Resources :    Usage  Request Allocated 
	   Cpus                 :        0       16        16 
	   Disk (KB)            :      182      175 265775104 
	   Memory (MB)          :        0        1      1024 
...
000 (9763.000.000) 04/18 20:35:53 Job submitted from host: <165.132.104.116:9618?addrs=165.132.104.116-9618&noUDP&sock=14374_c60d_3>
...
001 (9763.000.000) 04/18 20:36:42 Job executing on host: <165.132.104.117:9618?addrs=165.132.104.117-9618&noUDP&sock=68892_1309_3>
...
006 (9763.000.000) 04/18 20:36:45 Image size of job updated: 3675504
	0  -  MemoryUsage of job (MB)
	0  -  ResidentSetSize of job (KB)
...
005 (9763.000.000) 04/18 20:36:46 Job terminated.
	(1) Normal termination (return value 0)
		Usr 0 00:00:27, Sys 0 00:00:00  -  Run Remote Usage
		Usr 0 00:00:00, Sys 0 00:00:00  -  Run Local Usage
		Usr 0 00:00:27, Sys 0 00:00:00  -  Total Remote Usage
		Usr 0 00:00:00, Sys 0 00:00:00  -  Total Local Usage
	317  -  Run Bytes Sent By Job
	170544  -  Run Bytes Received By Job
	317  -  Total Bytes Sent By Job
	170544  -  Total Bytes Received By Job
	Partitionable Resources :    Usage  Request Allocated 
	   Cpus                 :        0       16        16 
	   Disk (KB)            :      182      175 265775104 
	   Memory (MB)          :        0        1      1024 
...
